nohup: ignoring input
2024/11/30 22:35:53 Starting server on :13888
2024/12/01 14:19:59 Callback Summary: 支付成功
2024/12/01 14:19:59 Transaction Data: &map[amount:map[currency:CNY payer_currency:CNY payer_total:1500 total:1500] appid:wx2399a59856058e2f attach:附加数据 bank_type:OTHERS mchid:1663775705 out_trade_no:2024120114195351bd2c payer:map[openid:obxqX62aegECbndLjaanRRTfCNrU] success_time:2024-12-01T14:19:59+08:00 trade_state:SUCCESS trade_state_desc:支付成功 trade_type:JSAPI transaction_id:4200002528202412011476491367]
2024/12/01 14:19:59 Callback Response Sent: <xml><return_code>SUCCESS</return_code><return_msg>OK</return_msg></xml>
2024/12/01 14:19:59 Response to frontend: {"return_code":"SUCCESS","return_msg":"OK","transaction_id":"4200002528202412011476491367"}
2024/12/01 14:24:55 Callback Summary: 支付成功
2024/12/01 14:24:55 Transaction Data: &map[amount:map[currency:CNY payer_currency:CNY payer_total:1500 total:1500] appid:wx2399a59856058e2f attach:附加数据 bank_type:OTHERS mchid:1663775705 out_trade_no:202412011424493eabfe payer:map[openid:obxqX62aegECbndLjaanRRTfCNrU] success_time:2024-12-01T14:24:54+08:00 trade_state:SUCCESS trade_state_desc:支付成功 trade_type:JSAPI transaction_id:4200002454202412011317679099]
2024/12/01 14:24:55 Callback Response Sent: <xml><return_code>SUCCESS</return_code><return_msg>OK</return_msg></xml>
2024/12/01 14:24:55 Response to frontend: {"return_code":"SUCCESS","return_msg":"OK","transaction_id":"4200002454202412011317679099"}
2024/12/01 14:28:40 Callback Summary: 支付成功
2024/12/01 14:28:40 Transaction Data: &map[amount:map[currency:CNY payer_currency:CNY payer_total:1500 total:1500] appid:wx2399a59856058e2f attach:附加数据 bank_type:OTHERS mchid:1663775705 out_trade_no:2024120114283350255c payer:map[openid:obxqX62aegECbndLjaanRRTfCNrU] success_time:2024-12-01T14:28:40+08:00 trade_state:SUCCESS trade_state_desc:支付成功 trade_type:JSAPI transaction_id:4200002547202412011295059205]
2024/12/01 14:28:40 Callback Response Sent: <xml><return_code>SUCCESS</return_code><return_msg>OK</return_msg></xml>
2024/12/01 14:28:40 Response to frontend: {"return_code":"SUCCESS","return_msg":"OK","transaction_id":"4200002547202412011295059205"}
2024/12/01 14:30:39 Callback Summary: 支付成功
2024/12/01 14:30:39 Transaction Data: &map[amount:map[currency:CNY payer_currency:CNY payer_total:1500 total:1500] appid:wx2399a59856058e2f attach:附加数据 bank_type:OTHERS mchid:1663775705 out_trade_no:20241201143033b6194b payer:map[openid:obxqX62aegECbndLjaanRRTfCNrU] success_time:2024-12-01T14:30:39+08:00 trade_state:SUCCESS trade_state_desc:支付成功 trade_type:JSAPI transaction_id:4200002538202412015432397788]
2024/12/01 14:30:39 Callback Response Sent: <xml><return_code>SUCCESS</return_code><return_msg>OK</return_msg></xml>
2024/12/01 14:30:39 Response to frontend: {"return_code":"SUCCESS","return_msg":"OK","transaction_id":"4200002538202412015432397788"}
2024/12/01 14:31:21 Callback Summary: 支付成功
2024/12/01 14:31:21 Transaction Data: &map[amount:map[currency:CNY payer_currency:CNY payer_total:1500 total:1500] appid:wx2399a59856058e2f attach:附加数据 bank_type:OTHERS mchid:1663775705 out_trade_no:20241201143114121aab payer:map[openid:obxqX62aegECbndLjaanRRTfCNrU] success_time:2024-12-01T14:31:21+08:00 trade_state:SUCCESS trade_state_desc:支付成功 trade_type:JSAPI transaction_id:4200002453202412015624693857]
2024/12/01 14:31:21 Callback Response Sent: <xml><return_code>SUCCESS</return_code><return_msg>OK</return_msg></xml>
2024/12/01 14:31:21 Response to frontend: {"return_code":"SUCCESS","return_msg":"OK","transaction_id":"4200002453202412015624693857"}
2024/12/01 15:05:37 Callback Summary: 支付成功
2024/12/01 15:05:37 Transaction Data: &map[amount:map[currency:CNY payer_currency:CNY payer_total:1500 total:1500] appid:wx2399a59856058e2f attach:附加数据 bank_type:OTHERS mchid:1663775705 out_trade_no:2024120115052901932e payer:map[openid:obxqX62aegECbndLjaanRRTfCNrU] success_time:2024-12-01T15:05:36+08:00 trade_state:SUCCESS trade_state_desc:支付成功 trade_type:JSAPI transaction_id:4200002413202412015965353440]
2024/12/01 15:05:37 Callback Response Sent: <xml><return_code>SUCCESS</return_code><return_msg>OK</return_msg></xml>
2024/12/01 15:05:37 Response to frontend: {"return_code":"SUCCESS","return_msg":"OK","transaction_id":"4200002413202412015965353440"}
2024/12/01 20:00:58 Failed to parse callback request: invalid notification, err: validate verify fail serial=[6F5B076DEF39299E5E5EE098954CF10577CF7990] request-id=[] err=verify signature with public key err:crypto/rsa: verification error, request: &{Method:POST URL:/callback Proto:HTTP/1.1 ProtoMajor:1 ProtoMinor:1 Header:map[Accept:[*/*] Cache-Control:[no-cache] Connection:[upgrade] Content-Length:[931] Content-Type:[application/json] Pragma:[no-cache] User-Agent:[Mozilla/4.0] Wechatpay-Nonce:[kRbGGLxlBHfm] Wechatpay-Serial:[6F5B076DEF39299E5E5EE098954CF10577CF7990] Wechatpay-Signature:[WECHATPAY/SIGNTEST//mIdBH45ajfD+1H0IfqoyR9dhvrqQZPUMLZY8rmbgkKgghE+EZiUuP8f8kYi4tMTPP7Z4F1f4nGEq4ySDNGhQa8i9sudDBrJHb12TckmY8VGPj+JSac8rUWNDLBXzvF8a10adCaA49ol7lnydnjQRxWMAcf8WjOC09IKDg0oDA+3AQd0rGA4WcpMCojV8axKQiYpefqSbeiUwONixKjh+bIEowkKB5G/SJsHe0Lwi1ckIS8N2gzeV04CB+ykgbTv+LmnGJDJwwQ8JIuVs3Mx57DgmEHYmxIN8yBKloDZeS0i+q1IJqcaUOfZOw+tjWEhUFw==] Wechatpay-Signature-Type:[WECHATPAY2-SHA256-RSA2048] Wechatpay-Timestamp:[1733054458] X-Forwarded-For:[101.226.103.15] X-Forwarded-Proto:[https] X-Real-Ip:[101.226.103.15]] Body:{Reader:{"id":"1b6081f9-61cd-55a9-8f29-a8d2061e7d66","create_time":"2024-12-01T14:31:21+08:00","resource_type":"encrypt-resource","event_type":"TRANSACTION.SUCCESS","summary":"支付成功","resource":{"original_type":"transaction","algorithm":"AEAD_AES_256_GCM","ciphertext":"P4w91mKBqu8FRXvOfMy2S0KAEbc4Nowhs153vO7WSkBU1Ld4MFvCjcSvKursZQQO6dDQg+D+aOGCOKXlDIBmTUBkjzB4I1yFSYdELWCCt0GQIDfY0El4uKAFFW88PHStQKan6ga3rQbc0UAWehEcn4HkuqhjpRRPTFodpOL/MFfye77gbtgeFg55Vpv4kj09O0fNxJwH1h1DaL2lKzRDto9+oivGB6nLFUWcwtc/6Fl5AMtuy8nn9pt8FUhr3Gi3CCVrEVPssqm/0DyEpkQZqTbVCUlXo15lD/sPDiJ6SrPIoLZvopufgwJ5uBZryZhEkgEKBFt3wgYQdxxvgD4nz+YNkFiE0IRSRbXZ0qrAFacdAhi7vvr5ReYfU/PbCJ5NLYapwdkX4oVONM2A9QwhCc9b6HCYQeSopkfzhSsN2M7uebeKiRX2RmTxKu4i7g87dRby3JIvd93Q9IEx6akkB9Q5m59bgvPlkHNQsdkZcpI4AlUP7vlRNwIBcDZja1xKEz9B/QgFC/k8f3woVnZGu7l0tM9emlAdNzLKUVLs0fLiXlhlXNOM+6URlvhwG4OzLqVkm7iaEAMn7CVk9+QaFySQ0fne","associated_data":"transaction","nonce":"2ki6TJjsvify"}}} GetBody:<nil> ContentLength:931 TransferEncoding:[] Close:false Host:2s.2nicep.com Form:map[] PostForm:map[] MultipartForm:<nil> Trailer:map[] RemoteAddr:127.0.0.1:54506 RequestURI:/callback TLS:0xc00009e000 Cancel:<nil> Response:<nil> Pattern:/callback ctx:0xc0003b4410 pat:0xc0003b2120 matches:[] otherValues:map[]}
